2024-01-29 14:15:00 [::1][-][1qmu1sphiofuhon671hk9tmdq6][error][yii\base\InvalidConfigException] yii\base\InvalidConfigException: Either GD PHP extension with FreeType support or ImageMagick PHP extension with PNG support is required. in C:\xampp\htdocs\Opdrachten\yii_challengee\vendor\yiisoft\yii2\captcha\Captcha.php:175
Stack trace:
#0 C:\xampp\htdocs\Opdrachten\yii_challengee\vendor\yiisoft\yii2\captcha\Captcha.php(94): yii\captcha\Captcha::checkRequirements()
#1 C:\xampp\htdocs\Opdrachten\yii_challengee\vendor\yiisoft\yii2\base\BaseObject.php(109): yii\captcha\Captcha->init()
#2 [internal function]: yii\base\BaseObject->__construct(Array)
#3 C:\xampp\htdocs\Opdrachten\yii_challengee\vendor\yiisoft\yii2\di\Container.php(419): ReflectionClass->newInstanceArgs(Array)
#4 C:\xampp\htdocs\Opdrachten\yii_challengee\vendor\yiisoft\yii2\di\Container.php(170): yii\di\Container->build('yii\\captcha\\Cap...', Array, Array)
#5 C:\xampp\htdocs\Opdrachten\yii_challengee\vendor\yiisoft\yii2\BaseYii.php(365): yii\di\Container->get('yii\\captcha\\Cap...', Array, Array)
#6 C:\xampp\htdocs\Opdrachten\yii_challengee\vendor\yiisoft\yii2\base\Widget.php(143): yii\BaseYii::createObject(Array)
#7 C:\xampp\htdocs\Opdrachten\yii_challengee\vendor\yiisoft\yii2\widgets\ActiveField.php(795): yii\base\Widget::widget(Array)
#8 C:\xampp\htdocs\Opdrachten\yii_challengee\views\site\contact.php(55): yii\widgets\ActiveField->widget('yii\\captcha\\Cap...', Array)
#9 C:\xampp\htdocs\Opdrachten\yii_challengee\vendor\yiisoft\yii2\base\View.php(347): require('C:\\xampp\\htdocs...')
#10 C:\xampp\htdocs\Opdrachten\yii_challengee\vendor\yiisoft\yii2\base\View.php(257): yii\base\View->renderPhpFile('C:\\xampp\\htdocs...', Array)
#11 C:\xampp\htdocs\Opdrachten\yii_challengee\vendor\yiisoft\yii2\base\View.php(156): yii\base\View->renderFile('C:\\xampp\\htdocs...', Array, Object(app\controllers\SiteController))
#12 C:\xampp\htdocs\Opdrachten\yii_challengee\vendor\yiisoft\yii2\base\Controller.php(407): yii\base\View->render('contact', Array, Object(app\controllers\SiteController))
#13 C:\xampp\htdocs\Opdrachten\yii_challengee\controllers\SiteController.php(115): yii\base\Controller->render('contact', Array)
#14 [internal function]: app\controllers\SiteController->actionContact()
#15 C:\xampp\htdocs\Opdrachten\yii_challengee\vendor\yiisoft\yii2\base\InlineAction.php(57): call_user_func_array(Array, Array)
#16 C:\xampp\htdocs\Opdrachten\yii_challengee\vendor\yiisoft\yii2\base\Controller.php(178): yii\base\InlineAction->runWithParams(Array)
#17 C:\xampp\htdocs\Opdrachten\yii_challengee\vendor\yiisoft\yii2\base\Module.php(552): yii\base\Controller->runAction('contact', Array)
#18 C:\xampp\htdocs\Opdrachten\yii_challengee\vendor\yiisoft\yii2\web\Application.php(103): yii\base\Module->runAction('site/contact', Array)
#19 C:\xampp\htdocs\Opdrachten\yii_challengee\vendor\yiisoft\yii2\base\Application.php(384): yii\web\Application->handleRequest(Object(yii\web\Request))
#20 C:\xampp\htdocs\Opdrachten\yii_challengee\web\index.php(12): yii\base\Application->run()
#21 {main}
2024-01-29 14:15:00 [::1][-][1qmu1sphiofuhon671hk9tmdq6][info][application] $_GET = [
    'r' => 'site/contact'
]

$_POST = []

$_FILES = []

$_COOKIE = [
    'PHPSESSID' => '1qmu1sphiofuhon671hk9tmdq6'
    '_csrf' => '8f00fa4d52a959175fb41cefee56dd00c17b0e5b6ed74d0b5111384cc5b0069da:2:{i:0;s:5:\"_csrf\";i:1;s:32:\"XDqYnKltvHaFQ72oDBrvMfZCElE9DWQR\";}'
]

$_SESSION = [
    '__flash' => []
]

$_SERVER = [
    'DOCUMENT_ROOT' => 'C:\\xampp\\htdocs\\Opdrachten\\yii_challengee\\web'
    'REMOTE_ADDR' => '::1'
    'REMOTE_PORT' => '65453'
    'SERVER_SOFTWARE' => 'PHP 8.0.28 Development Server'
    'SERVER_PROTOCOL' => 'HTTP/1.1'
    'SERVER_NAME' => 'localhost'
    'SERVER_PORT' => '8080'
    'REQUEST_URI' => '/index.php?r=site%2Fcontact'
    'REQUEST_METHOD' => 'GET'
    'SCRIPT_NAME' => '/index.php'
    'SCRIPT_FILENAME' => 'C:\\xampp\\htdocs\\Opdrachten\\yii_challengee\\web\\index.php'
    'PHP_SELF' => '/index.php'
    'QUERY_STRING' => 'r=site%2Fcontact'
    'HTTP_HOST' => 'localhost:8080'
    'HTTP_CONNECTION' => 'keep-alive'
    'HTTP_SEC_CH_UA' => '\"Not A(Brand\";v=\"99\", \"Brave\";v=\"121\", \"Chromium\";v=\"121\"'
    'HTTP_SEC_CH_UA_MOBILE' => '?0'
    'HTTP_SEC_CH_UA_PLATFORM' => '\"Windows\"'
    'HTTP_UPGRADE_INSECURE_REQUESTS' => '1'
    'HTTP_USER_AGENT' => 'Mozilla/5.0 (Windows NT 10.0; Win64; x64) AppleWebKit/537.36 (KHTML, like Gecko) Chrome/121.0.0.0 Safari/537.36'
    'HTTP_ACCEPT' => 'text/html,application/xhtml+xml,application/xml;q=0.9,image/avif,image/webp,image/apng,*/*;q=0.8'
    'HTTP_SEC_GPC' => '1'
    'HTTP_ACCEPT_LANGUAGE' => 'en-GB,en'
    'HTTP_SEC_FETCH_SITE' => 'same-origin'
    'HTTP_SEC_FETCH_MODE' => 'navigate'
    'HTTP_SEC_FETCH_USER' => '?1'
    'HTTP_SEC_FETCH_DEST' => 'document'
    'HTTP_REFERER' => 'http://localhost:8080/index.php?r=site%2Fabout'
    'HTTP_ACCEPT_ENCODING' => 'gzip, deflate, br'
    'HTTP_COOKIE' => 'PHPSESSID=1qmu1sphiofuhon671hk9tmdq6; _csrf=8f00fa4d52a959175fb41cefee56dd00c17b0e5b6ed74d0b5111384cc5b0069da%3A2%3A%7Bi%3A0%3Bs%3A5%3A%22_csrf%22%3Bi%3A1%3Bs%3A32%3A%22XDqYnKltvHaFQ72oDBrvMfZCElE9DWQR%22%3B%7D'
    'REQUEST_TIME_FLOAT' => 1706534100.3862
    'REQUEST_TIME' => 1706534100
]
